Arguments: 
  C:\Program Files (x86)\Nodist\v-x64\12.11.1\node.exe C:\Users\s-nakai\.yarn\bin\yarn.js init

PATH: 
  C:\Users\s-nakai\.yarn\bin;C:\Users\s-nakai\.config\yarn\global\node_modules\.bin;C:\Users\s-nakai\bin;C:\Program Files\Git\mingw64\bin;C:\Program Files\Git\usr\local\bin;C:\Program Files\Git\usr\bin;C:\Program Files\Git\usr\bin;C:\Program Files\Git\mingw64\bin;C:\Program Files\Git\usr\bin;C:\Users\s-nakai\bin;C:\ProgramData\DockerDesktop\version-bin;C:\Program Files\Docker\Docker\Resources\bin;C:\Program Files (x86)\Intel\Intel(R) Management Engine Components\iCLS;C:\Program Files\Intel\Intel(R) Management Engine Components\iCLS;C:\WINDOWS\system32;C:\WINDOWS;C:\WINDOWS\System32\Wbem;C:\WINDOWS\System32\WindowsPowerShell\v1.0;C:\WINDOWS\System32\OpenSSH;C:\Program Files (x86)\Intel\Intel(R) Management Engine Components\DAL;C:\Program Files\Intel\Intel(R) Management Engine Components\DAL;C:\Program Files (x86)\Intel\Intel(R) Management Engine Components\IPT;C:\Program Files\Intel\Intel(R) Management Engine Components\IPT;C:\Program Files\Intel\WiFi\bin;C:\Program Files\Common Files\Intel\WirelessCommon;C:\Program Files (x86)\Windows Live\Shared;C:\Program Files (x86)\Nodist\bin;C:\Program Files\Git\cmd;C:\Program Files\dotnet;C:\Program Files\Microsoft SQL Server\130\Tools\Binn;C:\Ruby25-x64\bin;C:\Users\s-nakai\AppData\Local\Programs\Python\Python37-32\Scripts;C:\Users\s-nakai\AppData\Local\Programs\Python\Python37-32;C:\Users\s-nakai\AppData\Local\Programs\Python\Python37\Scripts;C:\Users\s-nakai\AppData\Local\Programs\Python\Python37;C:\Users\s-nakai\AppData\Local\Microsoft\WindowsApps;C:\Users\s-nakai\AppData\Local\atom\bin;C:\Program Files (x86)\Nodist\bin\node_modules;C:\Program Files (x86)\Nodist;C:\Program Files\heroku\bin;C:\Users\s-nakai\AppData\Local\Microsoft\WindowsApps;C:\Users\s-nakai\AppData\Local\Programs\Microsoft VS Code\bin;C:\Program Files\Git\usr\bin\vendor_perl;C:\Program Files\Git\usr\bin\core_perl

Yarn version: 
  1.19.1

Node version: 
  12.11.1

Platform: 
  win32 x64

Trace: 
  Error: canceled
      at Interface.<anonymous> (C:\Users\s-nakai\.yarn\lib\cli.js:136824:13)
      at Interface.emit (events.js:210:5)
      at Interface._ttyWrite (readline.js:887:16)
      at ReadStream.onkeypress (readline.js:191:10)
      at ReadStream.emit (events.js:210:5)
      at emitKeys (internal/readline/utils.js:433:14)
      at emitKeys.next (<anonymous>)
      at ReadStream.onData (readline.js:1153:36)
      at ReadStream.emit (events.js:210:5)
      at addChunk (_stream_readable.js:308:12)

npm manifest: 
  No manifest

yarn manifest: 
  No manifest

Lockfile: 
  No lockfile
